2020-11-16 22:04:28,877-[test_register.py-->line:21]-INFO:============开始测试注册功能================
2020-11-16 22:04:28,878-[test_register.py-->line:25]-INFO:============测试注册功能结束================
2020-11-16 22:08:38,027-[test_register.py-->line:21]-INFO:============开始测试注册功能================
2020-11-16 22:08:38,028-[test_register.py-->line:43]-WARNING:注册成功:测试失败
2020-11-16 22:08:38,028-[test_register.py-->line:44]-WARNING:测试数据是：{'username': 'python34', 'password1': '1234567', 'password2': '123456'}
2020-11-16 22:08:38,028-[test_register.py-->line:45]-WARNING:测试结果是：{'code': 0, 'msg': '两次密码不一致'}
2020-11-16 22:08:38,028-[test_register.py-->line:46]-WARNING:期望结果是：{'code': 1, 'msg': '注册成功'}
2020-11-16 22:08:38,030-[test_register.py-->line:25]-INFO:============测试注册功能结束================
2021-02-16 13:54:05,998-[test_register.py-->line:21]-INFO:============开始测试注册功能================
2021-02-16 13:54:06,002-[test_register.py-->line:25]-INFO:============测试注册功能结束================
2021-02-24 21:54:18,692-[test_register.py-->line:21]-INFO:============开始测试注册功能================
2021-02-24 21:54:18,704-[test_register.py-->line:25]-INFO:============测试注册功能结束================
2021-02-24 21:54:27,224-[test_register.py-->line:21]-INFO:============开始测试注册功能================
2021-02-24 21:54:27,231-[test_register.py-->line:25]-INFO:============测试注册功能结束================
2021-02-24 21:57:03,356-[test_register.py-->line:21]-INFO:============开始测试注册功能================
2021-02-24 21:57:03,361-[test_register.py-->line:25]-INFO:============测试注册功能结束================
2021-02-26 09:24:16,973-[test_register.py-->line:21]-INFO:============开始测试注册功能================
2021-02-26 09:24:17,005-[test_register.py-->line:25]-INFO:============测试注册功能结束================
2021-02-26 09:24:54,242-[test_register.py-->line:21]-INFO:============开始测试注册功能================
2021-02-26 09:24:54,245-[test_register.py-->line:43]-WARNING:注册成功:测试失败
2021-02-26 09:24:54,245-[test_register.py-->line:44]-WARNING:测试数据是：{'username': 'python34', 'password1': '1234567', 'password2': '123456'}
2021-02-26 09:24:54,245-[test_register.py-->line:45]-WARNING:测试结果是：{'code': 0, 'msg': '两次密码不一致'}
2021-02-26 09:24:54,245-[test_register.py-->line:46]-WARNING:期望结果是：{'code': 1, 'msg': '注册成功'}
2021-02-26 09:24:54,250-[test_register.py-->line:25]-INFO:============测试注册功能结束================
2021-02-26 09:29:35,482-[test_register.py-->line:21]-INFO:============开始测试注册功能================
2021-02-26 09:29:35,487-[test_register.py-->line:43]-WARNING:注册成功:测试失败
2021-02-26 09:29:35,488-[test_register.py-->line:44]-WARNING:测试数据是：{'username': 'python34', 'password1': '1234567', 'password2': '123456'}
2021-02-26 09:29:35,490-[test_register.py-->line:45]-WARNING:测试结果是：{'code': 0, 'msg': '两次密码不一致'}
2021-02-26 09:29:35,493-[test_register.py-->line:46]-WARNING:期望结果是：{'code': 1, 'msg': '注册成功'}
2021-02-26 09:29:35,505-[test_register.py-->line:25]-INFO:============测试注册功能结束================
2021-02-27 21:35:09,503-[test_register.py-->line:21]-INFO:============开始测试注册功能================
2021-02-27 21:35:09,507-[test_register.py-->line:43]-WARNING:注册成功:测试失败
2021-02-27 21:35:09,507-[test_register.py-->line:44]-WARNING:测试数据是：{'username': 'python34', 'password1': '1234567', 'password2': '123456'}
2021-02-27 21:35:09,508-[test_register.py-->line:45]-WARNING:测试结果是：{'code': 0, 'msg': '两次密码不一致'}
2021-02-27 21:35:09,508-[test_register.py-->line:46]-WARNING:期望结果是：{'code': 1, 'msg': '注册成功'}
2021-02-27 21:35:09,514-[test_register.py-->line:25]-INFO:============测试注册功能结束================
